
*** Running vivado
    with args -log combo_logic.vds -m64 -product Vivado -mode batch -messageDb vivado.pb -notrace -source combo_logic.tcl


****** Vivado v2023.1.1 (64-bit)
  **** SW Build 3900603 on Fri Jun 16 19:30:25 MDT 2023
  **** IP Build 3900379 on Sat Jun 17 05:28:05 MDT 2023
  **** SharedData Build 3899622 on Fri Jun 16 03:34:24 MDT 2023
    ** Copyright 1986-2022 Xilinx, Inc. All Rights Reserved.
    ** Copyright 2022-2023 Advanced Micro Devices, Inc. All Rights Reserved.

source combo_logic.tcl -notrace
Command: read_checkpoint -auto_incremental -incremental /home/sadhanpawar/UTA/SOC/FPGA/combo_logic/combo_logic.srcs/utils_1/imports/synth_1/combo_logic.dcp
INFO: [Vivado 12-5825] Read reference checkpoint from /home/sadhanpawar/UTA/SOC/FPGA/combo_logic/combo_logic.srcs/utils_1/imports/synth_1/combo_logic.dcp for incremental synthesis
INFO: [Vivado 12-7989] Please ensure there are no constraint changes
Command: synth_design -top combo_logic -part xc7z007sclg400-1
Starting synth_design
Attempting to get a license for feature 'Synthesis' and/or device 'xc7z007s'
INFO: [Common 17-349] Got license for feature 'Synthesis' and/or device 'xc7z007s'
INFO: [Device 21-403] Loading part xc7z007sclg400-1
INFO: [Designutils 20-5440] No compile time benefit to using incremental synthesis; A full resynthesis will be run
INFO: [Designutils 20-4379] Flow is switching to default flow due to incremental criteria not met. If you would like to alter this behaviour and have the flow terminate instead, please set the following parameter config_implementation {autoIncr.Synth.RejectBehavior Terminate}
INFO: [Synth 8-7079] Multithreading enabled for synth_design using a maximum of 4 processes.
INFO: [Synth 8-7078] Launching helper process for spawning children vivado processes
INFO: [Synth 8-7075] Helper process launched with PID 1032376
---------------------------------------------------------------------------------
Starting RTL Elaboration : Time (s): cpu = 00:00:02 ; elapsed = 00:00:02 . Memory (MB): peak = 2006.520 ; gain = 380.707 ; free physical = 10651 ; free virtual = 29254
---------------------------------------------------------------------------------
INFO: [Synth 8-6157] synthesizing module 'combo_logic' [/home/sadhanpawar/UTA/SOC/FPGA/combo_logic/combo_logic.srcs/sources_1/new/combo_logic.sv:14]
INFO: [Synth 8-6157] synthesizing module 'add4_with_fa_ha' [/home/sadhanpawar/UTA/SOC/FPGA/combo_logic/combo_logic.srcs/sources_1/new/combo_logic.sv:119]
INFO: [Synth 8-6157] synthesizing module 'ha' [/home/sadhanpawar/UTA/SOC/FPGA/combo_logic/combo_logic.srcs/sources_1/new/combo_logic.sv:131]
INFO: [Synth 8-6155] done synthesizing module 'ha' (0#1) [/home/sadhanpawar/UTA/SOC/FPGA/combo_logic/combo_logic.srcs/sources_1/new/combo_logic.sv:131]
INFO: [Synth 8-6157] synthesizing module 'fa' [/home/sadhanpawar/UTA/SOC/FPGA/combo_logic/combo_logic.srcs/sources_1/new/combo_logic.sv:144]
INFO: [Synth 8-6155] done synthesizing module 'fa' (0#1) [/home/sadhanpawar/UTA/SOC/FPGA/combo_logic/combo_logic.srcs/sources_1/new/combo_logic.sv:144]
INFO: [Synth 8-6155] done synthesizing module 'add4_with_fa_ha' (0#1) [/home/sadhanpawar/UTA/SOC/FPGA/combo_logic/combo_logic.srcs/sources_1/new/combo_logic.sv:119]
INFO: [Synth 8-6157] synthesizing module 'count_ones_in_4_bits' [/home/sadhanpawar/UTA/SOC/FPGA/combo_logic/combo_logic.srcs/sources_1/new/combo_logic.sv:112]
INFO: [Synth 8-6155] done synthesizing module 'count_ones_in_4_bits' (0#1) [/home/sadhanpawar/UTA/SOC/FPGA/combo_logic/combo_logic.srcs/sources_1/new/combo_logic.sv:112]
INFO: [Synth 8-6155] done synthesizing module 'combo_logic' (0#1) [/home/sadhanpawar/UTA/SOC/FPGA/combo_logic/combo_logic.srcs/sources_1/new/combo_logic.sv:14]
WARNING: [Synth 8-3917] design combo_logic has port RGB0[2] driven by constant 0
WARNING: [Synth 8-3917] design combo_logic has port RGB0[1] driven by constant 0
WARNING: [Synth 8-3917] design combo_logic has port RGB0[0] driven by constant 0
WARNING: [Synth 8-3917] design combo_logic has port RGB1[2] driven by constant 0
WARNING: [Synth 8-3917] design combo_logic has port RGB1[1] driven by constant 0
WARNING: [Synth 8-3917] design combo_logic has port RGB1[0] driven by constant 0
WARNING: [Synth 8-3917] design combo_logic has port SS_ANODE[3] driven by constant 0
WARNING: [Synth 8-3917] design combo_logic has port SS_ANODE[2] driven by constant 1
WARNING: [Synth 8-3917] design combo_logic has port SS_ANODE[1] driven by constant 1
WARNING: [Synth 8-3917] design combo_logic has port SS_ANODE[0] driven by constant 1
WARNING: [Synth 8-3917] design combo_logic has port SS_CATHODE[7] driven by constant 0
WARNING: [Synth 8-3917] design combo_logic has port SERVO[3] driven by constant 0
WARNING: [Synth 8-3917] design combo_logic has port SERVO[2] driven by constant 0
WARNING: [Synth 8-3917] design combo_logic has port SERVO[1] driven by constant 0
WARNING: [Synth 8-3917] design combo_logic has port SERVO[0] driven by constant 0
WARNING: [Synth 8-3917] design combo_logic has port PDM_SPEAKER driven by constant 0
WARNING: [Synth 8-3917] design combo_logic has port PDM_MIC_CLK driven by constant 0
WARNING: [Synth 8-3917] design combo_logic has port ESP32_UART1_TXD driven by constant 0
WARNING: [Synth 8-3917] design combo_logic has port IMU_SCLK driven by constant 0
WARNING: [Synth 8-3917] design combo_logic has port IMU_SDI driven by constant 0
WARNING: [Synth 8-3917] design combo_logic has port IMU_CS_AG driven by constant 1
WARNING: [Synth 8-3917] design combo_logic has port IMU_CS_M driven by constant 1
WARNING: [Synth 8-3917] design combo_logic has port IMU_DEN_AG driven by constant 0
WARNING: [Synth 8-7129] Port GPIO[23] in module combo_logic is either unconnected or has no load
WARNING: [Synth 8-7129] Port GPIO[22] in module combo_logic is either unconnected or has no load
WARNING: [Synth 8-7129] Port GPIO[21] in module combo_logic is either unconnected or has no load
WARNING: [Synth 8-7129] Port GPIO[20] in module combo_logic is either unconnected or has no load
WARNING: [Synth 8-7129] Port GPIO[19] in module combo_logic is either unconnected or has no load
WARNING: [Synth 8-7129] Port GPIO[18] in module combo_logic is either unconnected or has no load
WARNING: [Synth 8-7129] Port GPIO[17] in module combo_logic is either unconnected or has no load
WARNING: [Synth 8-7129] Port GPIO[16] in module combo_logic is either unconnected or has no load
WARNING: [Synth 8-7129] Port GPIO[15] in module combo_logic is either unconnected or has no load
WARNING: [Synth 8-7129] Port GPIO[14] in module combo_logic is either unconnected or has no load
WARNING: [Synth 8-7129] Port GPIO[13] in module combo_logic is either unconnected or has no load
WARNING: [Synth 8-7129] Port GPIO[12] in module combo_logic is either unconnected or has no load
WARNING: [Synth 8-7129] Port GPIO[11] in module combo_logic is either unconnected or has no load
WARNING: [Synth 8-7129] Port GPIO[10] in module combo_logic is either unconnected or has no load
WARNING: [Synth 8-7129] Port GPIO[9] in module combo_logic is either unconnected or has no load
WARNING: [Synth 8-7129] Port GPIO[8] in module combo_logic is either unconnected or has no load
WARNING: [Synth 8-7129] Port GPIO[7] in module combo_logic is either unconnected or has no load
WARNING: [Synth 8-7129] Port GPIO[6] in module combo_logic is either unconnected or has no load
WARNING: [Synth 8-7129] Port GPIO[5] in module combo_logic is either unconnected or has no load
WARNING: [Synth 8-7129] Port GPIO[4] in module combo_logic is either unconnected or has no load
WARNING: [Synth 8-7129] Port GPIO[3] in module combo_logic is either unconnected or has no load
WARNING: [Synth 8-7129] Port GPIO[2] in module combo_logic is either unconnected or has no load
WARNING: [Synth 8-7129] Port GPIO[1] in module combo_logic is either unconnected or has no load
WARNING: [Synth 8-7129] Port GPIO[0] in module combo_logic is either unconnected or has no load
WARNING: [Synth 8-7129] Port CLK100 in module combo_logic is either unconnected or has no load
WARNING: [Synth 8-7129] Port PB[3] in module combo_logic is either unconnected or has no load
WARNING: [Synth 8-7129] Port PB[2] in module combo_logic is either unconnected or has no load
WARNING: [Synth 8-7129] Port PB[1] in module combo_logic is either unconnected or has no load
WARNING: [Synth 8-7129] Port PB[0] in module combo_logic is either unconnected or has no load
WARNING: [Synth 8-7129] Port PDM_MIC_DATA in module combo_logic is either unconnected or has no load
WARNING: [Synth 8-7129] Port ESP32_UART1_RXD in module combo_logic is either unconnected or has no load
WARNING: [Synth 8-7129] Port IMU_SDO_AG in module combo_logic is either unconnected or has no load
WARNING: [Synth 8-7129] Port IMU_SDO_M in module combo_logic is either unconnected or has no load
WARNING: [Synth 8-7129] Port IMU_DRDY_M in module combo_logic is either unconnected or has no load
WARNING: [Synth 8-7129] Port IMU_INT1_AG in module combo_logic is either unconnected or has no load
WARNING: [Synth 8-7129] Port IMU_INT_M in module combo_logic is either unconnected or has no load
---------------------------------------------------------------------------------
Finished RTL Elaboration : Time (s): cpu = 00:00:03 ; elapsed = 00:00:03 . Memory (MB): peak = 2069.488 ; gain = 443.676 ; free physical = 10571 ; free virtual = 29174
---------------------------------------------------------------------------------
---------------------------------------------------------------------------------
Start Handling Custom Attributes
---------------------------------------------------------------------------------
---------------------------------------------------------------------------------
Finished Handling Custom Attributes : Time (s): cpu = 00:00:03 ; elapsed = 00:00:03 . Memory (MB): peak = 2084.332 ; gain = 458.520 ; free physical = 10569 ; free virtual = 29172
---------------------------------------------------------------------------------
---------------------------------------------------------------------------------
Finished RTL Optimization Phase 1 : Time (s): cpu = 00:00:03 ; elapsed = 00:00:03 . Memory (MB): peak = 2084.332 ; gain = 458.520 ; free physical = 10569 ; free virtual = 29172
---------------------------------------------------------------------------------
Netlist sorting complete. Time (s): cpu = 00:00:00 ; elapsed = 00:00:00 . Memory (MB): peak = 2084.332 ; gain = 0.000 ; free physical = 10569 ; free virtual = 29172
INFO: [Project 1-570] Preparing netlist for logic optimization

Processing XDC Constraints
Initializing timing engine
Parsing XDC File [/home/sadhanpawar/UTA/SOC/FPGA/combo_logic/combo_logic.srcs/constrs_1/new/blackboard.xdc]
Finished Parsing XDC File [/home/sadhanpawar/UTA/SOC/FPGA/combo_logic/combo_logic.srcs/constrs_1/new/blackboard.xdc]
INFO: [Project 1-236] Implementation specific constraints were found while reading constraint file [/home/sadhanpawar/UTA/SOC/FPGA/combo_logic/combo_logic.srcs/constrs_1/new/blackboard.xdc]. These constraints will be ignored for synthesis but will be used in implementation. Impacted constraints are listed in the file [.Xil/combo_logic_propImpl.xdc].
Resolution: To avoid this warning, move constraints listed in [.Xil/combo_logic_propImpl.xdc] to another XDC file and exclude this new file from synthesis with the used_in_synthesis property (File Properties dialog in GUI) and re-run elaboration/synthesis.
Completed Processing XDC Constraints

Netlist sorting complete. Time (s): cpu = 00:00:00 ; elapsed = 00:00:00 . Memory (MB): peak = 2189.082 ; gain = 0.000 ; free physical = 10559 ; free virtual = 29162
INFO: [Project 1-111] Unisim Transformation Summary:
No Unisim elements were transformed.

Constraint Validation Runtime : Time (s): cpu = 00:00:00 ; elapsed = 00:00:00 . Memory (MB): peak = 2189.082 ; gain = 0.000 ; free physical = 10559 ; free virtual = 29162
INFO: [Designutils 20-5440] No compile time benefit to using incremental synthesis; A full resynthesis will be run
INFO: [Designutils 20-4379] Flow is switching to default flow due to incremental criteria not met. If you would like to alter this behaviour and have the flow terminate instead, please set the following parameter config_implementation {autoIncr.Synth.RejectBehavior Terminate}
---------------------------------------------------------------------------------
Finished Constraint Validation : Time (s): cpu = 00:00:07 ; elapsed = 00:00:07 . Memory (MB): peak = 2189.082 ; gain = 563.270 ; free physical = 10559 ; free virtual = 29162
---------------------------------------------------------------------------------
---------------------------------------------------------------------------------
Start Loading Part and Timing Information
---------------------------------------------------------------------------------
Loading part: xc7z007sclg400-1
---------------------------------------------------------------------------------
Finished Loading Part and Timing Information : Time (s): cpu = 00:00:07 ; elapsed = 00:00:07 . Memory (MB): peak = 2189.082 ; gain = 563.270 ; free physical = 10559 ; free virtual = 29162
---------------------------------------------------------------------------------
---------------------------------------------------------------------------------
Start Applying 'set_property' XDC Constraints
---------------------------------------------------------------------------------
---------------------------------------------------------------------------------
Finished applying 'set_property' XDC Constraints : Time (s): cpu = 00:00:07 ; elapsed = 00:00:07 . Memory (MB): peak = 2189.082 ; gain = 563.270 ; free physical = 10559 ; free virtual = 29162
---------------------------------------------------------------------------------
---------------------------------------------------------------------------------
Finished RTL Optimization Phase 2 : Time (s): cpu = 00:00:07 ; elapsed = 00:00:07 . Memory (MB): peak = 2189.082 ; gain = 563.270 ; free physical = 10558 ; free virtual = 29162
---------------------------------------------------------------------------------
---------------------------------------------------------------------------------
Start RTL Component Statistics 
---------------------------------------------------------------------------------
Detailed RTL Component Info : 
+---Adders : 
	   2 Input    5 Bit       Adders := 1     
	   4 Input    3 Bit       Adders := 1     
+---XORs : 
	   2 Input      1 Bit         XORs := 7     
+---Muxes : 
	   4 Input   10 Bit        Muxes := 1     
	   4 Input    7 Bit        Muxes := 1     
---------------------------------------------------------------------------------
Finished RTL Component Statistics 
---------------------------------------------------------------------------------
---------------------------------------------------------------------------------
Start Part Resource Summary
---------------------------------------------------------------------------------
Part Resources:
DSPs: 66 (col length:40)
BRAMs: 100 (col length: RAMB18 40 RAMB36 20)
---------------------------------------------------------------------------------
Finished Part Resource Summary
---------------------------------------------------------------------------------
---------------------------------------------------------------------------------
Start Cross Boundary and Area Optimization
---------------------------------------------------------------------------------
WARNING: [Synth 8-7080] Parallel synthesis criteria is not met
WARNING: [Synth 8-3917] design combo_logic has port RGB0[2] driven by constant 0
WARNING: [Synth 8-3917] design combo_logic has port RGB0[1] driven by constant 0
WARNING: [Synth 8-3917] design combo_logic has port RGB0[0] driven by constant 0
WARNING: [Synth 8-3917] design combo_logic has port RGB1[2] driven by constant 0
WARNING: [Synth 8-3917] design combo_logic has port RGB1[1] driven by constant 0
WARNING: [Synth 8-3917] design combo_logic has port RGB1[0] driven by constant 0
WARNING: [Synth 8-3917] design combo_logic has port SS_ANODE[3] driven by constant 0
WARNING: [Synth 8-3917] design combo_logic has port SS_ANODE[2] driven by constant 1
WARNING: [Synth 8-3917] design combo_logic has port SS_ANODE[1] driven by constant 1
WARNING: [Synth 8-3917] design combo_logic has port SS_ANODE[0] driven by constant 1
WARNING: [Synth 8-3917] design combo_logic has port SS_CATHODE[7] driven by constant 0
WARNING: [Synth 8-3917] design combo_logic has port SS_CATHODE[1] driven by constant 0
WARNING: [Synth 8-3917] design combo_logic has port SERVO[3] driven by constant 0
WARNING: [Synth 8-3917] design combo_logic has port SERVO[2] driven by constant 0
WARNING: [Synth 8-3917] design combo_logic has port SERVO[1] driven by constant 0
WARNING: [Synth 8-3917] design combo_logic has port SERVO[0] driven by constant 0
WARNING: [Synth 8-3917] design combo_logic has port PDM_SPEAKER driven by constant 0
WARNING: [Synth 8-3917] design combo_logic has port PDM_MIC_CLK driven by constant 0
WARNING: [Synth 8-3917] design combo_logic has port ESP32_UART1_TXD driven by constant 0
WARNING: [Synth 8-3917] design combo_logic has port IMU_SCLK driven by constant 0
WARNING: [Synth 8-3917] design combo_logic has port IMU_SDI driven by constant 0
WARNING: [Synth 8-3917] design combo_logic has port IMU_CS_AG driven by constant 1
WARNING: [Synth 8-3917] design combo_logic has port IMU_CS_M driven by constant 1
WARNING: [Synth 8-3917] design combo_logic has port IMU_DEN_AG driven by constant 0
WARNING: [Synth 8-7129] Port GPIO[23] in module combo_logic is either unconnected or has no load
WARNING: [Synth 8-7129] Port GPIO[22] in module combo_logic is either unconnected or has no load
WARNING: [Synth 8-7129] Port GPIO[21] in module combo_logic is either unconnected or has no load
WARNING: [Synth 8-7129] Port GPIO[20] in module combo_logic is either unconnected or has no load
WARNING: [Synth 8-7129] Port GPIO[19] in module combo_logic is either unconnected or has no load
WARNING: [Synth 8-7129] Port GPIO[18] in module combo_logic is either unconnected or has no load
WARNING: [Synth 8-7129] Port GPIO[17] in module combo_logic is either unconnected or has no load
WARNING: [Synth 8-7129] Port GPIO[16] in module combo_logic is either unconnected or has no load
WARNING: [Synth 8-7129] Port GPIO[15] in module combo_logic is either unconnected or has no load
WARNING: [Synth 8-7129] Port GPIO[14] in module combo_logic is either unconnected or has no load
WARNING: [Synth 8-7129] Port GPIO[13] in module combo_logic is either unconnected or has no load
WARNING: [Synth 8-7129] Port GPIO[12] in module combo_logic is either unconnected or has no load
WARNING: [Synth 8-7129] Port GPIO[11] in module combo_logic is either unconnected or has no load
WARNING: [Synth 8-7129] Port GPIO[10] in module combo_logic is either unconnected or has no load
WARNING: [Synth 8-7129] Port GPIO[9] in module combo_logic is either unconnected or has no load
WARNING: [Synth 8-7129] Port GPIO[8] in module combo_logic is either unconnected or has no load
WARNING: [Synth 8-7129] Port GPIO[7] in module combo_logic is either unconnected or has no load
WARNING: [Synth 8-7129] Port GPIO[6] in module combo_logic is either unconnected or has no load
WARNING: [Synth 8-7129] Port GPIO[5] in module combo_logic is either unconnected or has no load
WARNING: [Synth 8-7129] Port GPIO[4] in module combo_logic is either unconnected or has no load
WARNING: [Synth 8-7129] Port GPIO[3] in module combo_logic is either unconnected or has no load
WARNING: [Synth 8-7129] Port GPIO[2] in module combo_logic is either unconnected or has no load
WARNING: [Synth 8-7129] Port GPIO[1] in module combo_logic is either unconnected or has no load
WARNING: [Synth 8-7129] Port GPIO[0] in module combo_logic is either unconnected or has no load
WARNING: [Synth 8-7129] Port CLK100 in module combo_logic is either unconnected or has no load
WARNING: [Synth 8-7129] Port PB[3] in module combo_logic is either unconnected or has no load
WARNING: [Synth 8-7129] Port PB[2] in module combo_logic is either unconnected or has no load
WARNING: [Synth 8-7129] Port PB[1] in module combo_logic is either unconnected or has no load
WARNING: [Synth 8-7129] Port PB[0] in module combo_logic is either unconnected or has no load
WARNING: [Synth 8-7129] Port PDM_MIC_DATA in module combo_logic is either unconnected or has no load
WARNING: [Synth 8-7129] Port ESP32_UART1_RXD in module combo_logic is either unconnected or has no load
WARNING: [Synth 8-7129] Port IMU_SDO_AG in module combo_logic is either unconnected or has no load
WARNING: [Synth 8-7129] Port IMU_SDO_M in module combo_logic is either unconnected or has no load
WARNING: [Synth 8-7129] Port IMU_DRDY_M in module combo_logic is either unconnected or has no load
WARNING: [Synth 8-7129] Port IMU_INT1_AG in module combo_logic is either unconnected or has no load
WARNING: [Synth 8-7129] Port IMU_INT_M in module combo_logic is either unconnected or has no load
---------------------------------------------------------------------------------
Finished Cross Boundary and Area Optimization : Time (s): cpu = 00:00:08 ; elapsed = 00:00:08 . Memory (MB): peak = 2189.082 ; gain = 563.270 ; free physical = 10529 ; free virtual = 29136
---------------------------------------------------------------------------------
---------------------------------------------------------------------------------
Start Applying XDC Timing Constraints
---------------------------------------------------------------------------------
---------------------------------------------------------------------------------
Finished Applying XDC Timing Constraints : Time (s): cpu = 00:00:10 ; elapsed = 00:00:11 . Memory (MB): peak = 2189.082 ; gain = 563.270 ; free physical = 10527 ; free virtual = 29134
---------------------------------------------------------------------------------
---------------------------------------------------------------------------------
Start Timing Optimization
---------------------------------------------------------------------------------
---------------------------------------------------------------------------------
Finished Timing Optimization : Time (s): cpu = 00:00:10 ; elapsed = 00:00:11 . Memory (MB): peak = 2189.082 ; gain = 563.270 ; free physical = 10527 ; free virtual = 29134
---------------------------------------------------------------------------------
---------------------------------------------------------------------------------
Start Technology Mapping
---------------------------------------------------------------------------------
---------------------------------------------------------------------------------
Finished Technology Mapping : Time (s): cpu = 00:00:10 ; elapsed = 00:00:11 . Memory (MB): peak = 2189.082 ; gain = 563.270 ; free physical = 10527 ; free virtual = 29134
---------------------------------------------------------------------------------
---------------------------------------------------------------------------------
Start IO Insertion
---------------------------------------------------------------------------------
---------------------------------------------------------------------------------
Start Flattening Before IO Insertion
---------------------------------------------------------------------------------
---------------------------------------------------------------------------------
Finished Flattening Before IO Insertion
---------------------------------------------------------------------------------
---------------------------------------------------------------------------------
Start Final Netlist Cleanup
---------------------------------------------------------------------------------
---------------------------------------------------------------------------------
Finished Final Netlist Cleanup
---------------------------------------------------------------------------------
---------------------------------------------------------------------------------
Finished IO Insertion : Time (s): cpu = 00:00:13 ; elapsed = 00:00:13 . Memory (MB): peak = 2189.082 ; gain = 563.270 ; free physical = 10524 ; free virtual = 29132
---------------------------------------------------------------------------------
---------------------------------------------------------------------------------
Start Renaming Generated Instances
---------------------------------------------------------------------------------
---------------------------------------------------------------------------------
Finished Renaming Generated Instances : Time (s): cpu = 00:00:13 ; elapsed = 00:00:13 . Memory (MB): peak = 2189.082 ; gain = 563.270 ; free physical = 10524 ; free virtual = 29132
---------------------------------------------------------------------------------
---------------------------------------------------------------------------------
Start Rebuilding User Hierarchy
---------------------------------------------------------------------------------
---------------------------------------------------------------------------------
Finished Rebuilding User Hierarchy : Time (s): cpu = 00:00:13 ; elapsed = 00:00:13 . Memory (MB): peak = 2189.082 ; gain = 563.270 ; free physical = 10524 ; free virtual = 29132
---------------------------------------------------------------------------------
---------------------------------------------------------------------------------
Start Renaming Generated Ports
---------------------------------------------------------------------------------
---------------------------------------------------------------------------------
Finished Renaming Generated Ports : Time (s): cpu = 00:00:13 ; elapsed = 00:00:13 . Memory (MB): peak = 2189.082 ; gain = 563.270 ; free physical = 10524 ; free virtual = 29132
---------------------------------------------------------------------------------
---------------------------------------------------------------------------------
Start Handling Custom Attributes
---------------------------------------------------------------------------------
---------------------------------------------------------------------------------
Finished Handling Custom Attributes : Time (s): cpu = 00:00:13 ; elapsed = 00:00:13 . Memory (MB): peak = 2189.082 ; gain = 563.270 ; free physical = 10524 ; free virtual = 29132
---------------------------------------------------------------------------------
---------------------------------------------------------------------------------
Start Renaming Generated Nets
---------------------------------------------------------------------------------
---------------------------------------------------------------------------------
Finished Renaming Generated Nets : Time (s): cpu = 00:00:13 ; elapsed = 00:00:13 . Memory (MB): peak = 2189.082 ; gain = 563.270 ; free physical = 10524 ; free virtual = 29132
---------------------------------------------------------------------------------
---------------------------------------------------------------------------------
Start Writing Synthesis Report
---------------------------------------------------------------------------------

Report BlackBoxes: 
+-+--------------+----------+
| |BlackBox name |Instances |
+-+--------------+----------+
+-+--------------+----------+

Report Cell Usage: 
+------+------+------+
|      |Cell  |Count |
+------+------+------+
|1     |LUT1  |     1|
|2     |LUT2  |     4|
|3     |LUT4  |     3|
|4     |LUT5  |     5|
|5     |LUT6  |    14|
|6     |MUXF7 |     3|
|7     |IBUF  |    12|
|8     |OBUF  |    40|
+------+------+------+
---------------------------------------------------------------------------------
Finished Writing Synthesis Report : Time (s): cpu = 00:00:13 ; elapsed = 00:00:13 . Memory (MB): peak = 2189.082 ; gain = 563.270 ; free physical = 10524 ; free virtual = 29132
---------------------------------------------------------------------------------
Synthesis finished with 0 errors, 0 critical warnings and 61 warnings.
Synthesis Optimization Runtime : Time (s): cpu = 00:00:12 ; elapsed = 00:00:12 . Memory (MB): peak = 2189.082 ; gain = 458.520 ; free physical = 10524 ; free virtual = 29132
Synthesis Optimization Complete : Time (s): cpu = 00:00:13 ; elapsed = 00:00:13 . Memory (MB): peak = 2189.082 ; gain = 563.270 ; free physical = 10524 ; free virtual = 29132
INFO: [Project 1-571] Translating synthesized netlist
Netlist sorting complete. Time (s): cpu = 00:00:00 ; elapsed = 00:00:00 . Memory (MB): peak = 2189.082 ; gain = 0.000 ; free physical = 10717 ; free virtual = 29325
INFO: [Netlist 29-17] Analyzing 3 Unisim elements for replacement
INFO: [Netlist 29-28] Unisim Transformation completed in 1 CPU seconds
INFO: [Project 1-570] Preparing netlist for logic optimization
INFO: [Opt 31-138] Pushed 0 inverter(s) to 0 load pin(s).
Netlist sorting complete. Time (s): cpu = 00:00:00 ; elapsed = 00:00:00 . Memory (MB): peak = 2189.082 ; gain = 0.000 ; free physical = 10785 ; free virtual = 29392
INFO: [Project 1-111] Unisim Transformation Summary:
No Unisim elements were transformed.

Synth Design complete | Checksum: b7ea875c
INFO: [Common 17-83] Releasing license: Synthesis
31 Infos, 120 Warnings, 0 Critical Warnings and 0 Errors encountered.
synth_design completed successfully
synth_design: Time (s): cpu = 00:00:17 ; elapsed = 00:00:16 . Memory (MB): peak = 2189.082 ; gain = 845.543 ; free physical = 10787 ; free virtual = 29395
INFO: [Common 17-2834] synth_design peak Physical Memory [PSS] (MB): overall = 1772.410; main = 1447.207; forked = 371.032
INFO: [Common 17-2834] synth_design peak Virtual Memory [VSS] (MB): overall = 3157.461; main = 2189.086; forked = 1000.391
INFO: [Common 17-1381] The checkpoint '/home/sadhanpawar/UTA/SOC/FPGA/combo_logic/combo_logic.runs/synth_1/combo_logic.dcp' has been generated.
INFO: [runtcl-4] Executing : report_utilization -file combo_logic_utilization_synth.rpt -pb combo_logic_utilization_synth.pb
INFO: [Common 17-206] Exiting Vivado at Wed Sep  6 20:14:02 2023...
